/home/ZH000005/ncu/tzyc/anaconda3/lib/python3.6/site-packages/sklearn/cross_validation.py:41: DeprecationWarning: This module was deprecated in version 0.18 in favor of the model_selection module into which all the refactored classes and functions are moved. Also note that the interface of the new CV iterators are different from that of this module. This module will be removed in 0.20.
  "This module will be removed in 0.20.", DeprecationWarning)
/home/ZH000005/ncu/tzyc/anaconda3/lib/python3.6/site-packages/sklearn/base.py:312: UserWarning: Trying to unpickle estimator DecisionTreeClassifier from version 0.19.1 when using version 0.19.0. This might lead to breaking code or invalid results. Use at your own risk.
  UserWarning)
/home/ZH000005/ncu/tzyc/anaconda3/lib/python3.6/site-packages/sklearn/base.py:312: UserWarning: Trying to unpickle estimator RandomForestClassifier from version 0.19.1 when using version 0.19.0. This might lead to breaking code or invalid results. Use at your own risk.
  UserWarning)
模型已经存在，可直接预测
(5214, 111)
预测第1天所有线路...
所有线路预测成功!!
result has saved
预测第2天所有线路...
所有线路预测成功!!
result has saved
预测第3天所有线路...
所有线路预测成功!!
result has saved
预测第4天所有线路...
所有线路预测成功!!
result has saved
预测第5天所有线路...
所有线路预测成功!!
result has saved
预测第6天所有线路...
所有线路预测成功!!
result has saved
预测第7天所有线路...
所有线路预测成功!!
result has saved
modelrecord have exists
